#
# A fatal error has been detected by the Java Runtime Environment:
#
#  EXCEPTION_ACCESS_VIOLATION (0xc0000005) at pc=0x0000000002cfa3e0, pid=1444, tid=3620
#
# JRE version: Java(TM) SE Runtime Environment (8.0_25-b18) (build 1.8.0_25-b18)
# Java VM: Java HotSpot(TM) 64-Bit Server VM (25.25-b02 mixed mode windows-amd64 compressed oops)
# Problematic frame:
# J 422 C1 net.openhft.lang.io.NativeBytes.load()Lnet/openhft/lang/io/Bytes; (39 bytes) @ 0x0000000002cfa3e0 [0x0000000002cfa2c0+0x120]
#
# Failed to write core dump. Minidumps are not enabled by default on client versions of Windows
#
# If you would like to submit a bug report, please visit:
#   http://bugreport.sun.com/bugreport/crash.jsp
#

---------------  T H R E A D  ---------------

Current thread (0x0000000002398000):  JavaThread "main" [_thread_in_Java, id=3620, stack(0x0000000002710000,0x0000000002810000)]

siginfo: ExceptionCode=0xc0000005, reading address 0x0000000045477e40

Registers:
RAX=0x0000000000001000, RBX=0x0000000000000148, RCX=0x00000000000035d1, RDX=0x0000000782891208
RSP=0x000000000280ee90, RBP=0x000000000280f338, RSI=0x0000000045477e40, RDI=0x00000000196ed5c8
R8 =0x0000000782891318, R9 =0x0000000045487e40, R10=0x0000000000000000, R11=0x0000000003c14489
R12=0x0000000000000000, R13=0x0000000000000000, R14=0x0000000000000000, R15=0x0000000002398000
RIP=0x0000000002cfa3e0, EFLAGS=0x0000000000010287

Top of Stack: (sp=0x000000000280ee90)
0x000000000280ee90:   40d0000000000000 000000001960f3b0
0x000000000280eea0:   00000007828912b0 0000000045487e40
0x000000000280eeb0:   0000000045488640 0000000782891208
0x000000000280eec0:   0000000000000000 0000000000000000
0x000000000280eed0:   000000000280f338 0000000002d04acc
0x000000000280eee0:   000000000280f0e0 0000000002bde0d3
0x000000000280eef0:   0000000002398000 0000000000000000
0x000000000280ef00:   0000000000000000 0000000000000000
0x000000000280ef10:   000000000280f130 3fe02d0000000000
0x000000000280ef20:   3fe5555555555555 4000000000000000
0x000000000280ef30:   0000000000000000 0000000000000000
0x000000000280ef40:   0000000000000000 0000000000000000
0x000000000280ef50:   cafebabecafebabe cafebabecafebabe
0x000000000280ef60:   0000000000000000 0000000000000000
0x000000000280ef70:   000000000280f338 0000000002cf2834
0x000000000280ef80:   40d0000000000000 0000000000000000 

Instructions: (pc=0x0000000002cfa3e0)
0x0000000002cfa3c0:   90 90 90 90 90 90 90 e8 8c 07 00 00 48 8b 54 24
0x0000000002cfa3d0:   28 48 8b 72 28 e9 5a 00 00 00 66 0f 1f 44 00 00
0x0000000002cfa3e0:   0f be 3e 48 63 f8 48 03 fe 48 be c8 d5 6e 19 00
0x0000000002cfa3f0:   00 00 00 8b 9e e0 00 00 00 83 c3 08 89 9e e0 00 


Register to memory mapping:

RAX=0x0000000000001000 is an unknown value
RBX=0x0000000000000148 is an unknown value
RCX=0x00000000000035d1 is an unknown value
RDX=0x0000000782891208 is an oop
net.openhft.lang.io.NativeBytes 
 - klass: 'net/openhft/lang/io/NativeBytes'
RSP=0x000000000280ee90 is pointing into the stack for thread: 0x0000000002398000
RBP=0x000000000280f338 is pointing into the stack for thread: 0x0000000002398000
RSI=0x0000000045477e40 is an unknown value
RDI=0x00000000196ed5c8 is pointing into metadata
R8 =0x0000000782891318 is an oop
net.openhft.lang.io.serialization.BytesMarshallableSerializer 
 - klass: 'net/openhft/lang/io/serialization/BytesMarshallableSerializer'
R9 =0x0000000045487e40 is an unknown value
R10=0x0000000000000000 is an unknown value
R11=0x0000000003c14489 is an unknown value
R12=0x0000000000000000 is an unknown value
R13=0x0000000000000000 is an unknown value
R14=0x0000000000000000 is an unknown value
R15=0x0000000002398000 is a thread


Stack: [0x0000000002710000,0x0000000002810000],  sp=0x000000000280ee90,  free space=1019k
Native frames: (J=compiled Java code, j=interpreted, Vv=VM code, C=native code)
C  0x0000000002cfa3e0


---------------  P R O C E S S  ---------------

Java Threads: ( => current thread )
  0x000000001b06d000 JavaThread "Service Thread" daemon [_thread_blocked, id=7756, stack(0x000000001c2c0000,0x000000001c3c0000)]
  0x000000001b06c000 JavaThread "C1 CompilerThread2" daemon [_thread_blocked, id=10052, stack(0x000000001c0d0000,0x000000001c1d0000)]
  0x000000001b06b800 JavaThread "C2 CompilerThread1" daemon [_thread_blocked, id=8956, stack(0x000000001aba0000,0x000000001aca0000)]
  0x000000001b068800 JavaThread "C2 CompilerThread0" daemon [_thread_blocked, id=10072, stack(0x000000001bf00000,0x000000001c000000)]
  0x000000001b051800 JavaThread "JDWP Command Reader" daemon [_thread_in_native, id=2708, stack(0x000000001bcf0000,0x000000001bdf0000)]
  0x000000001b050000 JavaThread "JDWP Event Helper Thread" daemon [_thread_blocked, id=9616, stack(0x000000001b990000,0x000000001ba90000)]
  0x000000001b048800 JavaThread "JDWP Transport Listener: dt_socket" daemon [_thread_blocked, id=9280, stack(0x000000001bba0000,0x000000001bca0000)]
  0x0000000019b27000 JavaThread "Attach Listener" daemon [_thread_blocked, id=9184, stack(0x000000001b5c0000,0x000000001b6c0000)]
  0x0000000019b26000 JavaThread "Signal Dispatcher" daemon [_thread_blocked, id=8716, stack(0x000000001b460000,0x000000001b560000)]
  0x0000000019ac6800 JavaThread "Finalizer" daemon [_thread_blocked, id=9564, stack(0x000000001af40000,0x000000001b040000)]
  0x0000000019abd800 JavaThread "Reference Handler" daemon [_thread_blocked, id=10156, stack(0x000000001ad20000,0x000000001ae20000)]
=>0x0000000002398000 JavaThread "main" [_thread_in_Java, id=3620, stack(0x0000000002710000,0x0000000002810000)]

Other Threads:
  0x0000000019ab7800 VMThread [stack: 0x000000001aa60000,0x000000001ab60000] [id=4624]
  0x000000001b0ec000 WatcherThread [stack: 0x000000001c450000,0x000000001c550000] [id=9836]

VM state:not at safepoint (normal execution)

VM Mutex/Monitor currently owned by a thread: None

Heap:
 PSYoungGen      total 56320K, used 15589K [0x0000000781a00000, 0x0000000785880000, 0x00000007c0000000)
  eden space 48640K, 32% used [0x0000000781a00000,0x0000000782939610,0x0000000784980000)
  from space 7680K, 0% used [0x0000000785100000,0x0000000785100000,0x0000000785880000)
  to   space 7680K, 0% used [0x0000000784980000,0x0000000784980000,0x0000000785100000)
 ParOldGen       total 128512K, used 0K [0x0000000704e00000, 0x000000070cb80000, 0x0000000781a00000)
  object space 128512K, 0% used [0x0000000704e00000,0x0000000704e00000,0x000000070cb80000)
 Metaspace       used 6639K, capacity 6764K, committed 7040K, reserved 1056768K
  class space    used 791K, capacity 834K, committed 896K, reserved 1048576K

Card table byte_map: [0x0000000011ea0000,0x0000000012480000] byte_map_base: 0x000000000e679000

Marking Bits: (ParMarkBitMap*) 0x000000007073d490
 Begin Bits: [0x0000000012dc0000, 0x0000000015c88000)
 End Bits:   [0x0000000015c88000, 0x0000000018b50000)

Polling page: 0x0000000000160000

CodeCache: size=245760Kb used=2194Kb max_used=2205Kb free=243565Kb
 bounds [0x0000000002ae0000, 0x0000000002d50000, 0x0000000011ae0000]
 total_blobs=756 nmethods=445 adapters=233
 compilation: enabled

Compilation events (10 events):
Event: 0.461 Thread 0x000000001b06c000 nmethod 438 0x0000000002cfe050 code [0x0000000002cfe1c0, 0x0000000002cfe388]
Event: 0.461 Thread 0x000000001b06c000  439       3       net.openhft.chronicle.map.VanillaChronicleMap$Segment::createMultiMap (74 bytes)
Event: 0.461 Thread 0x000000001b06c000 nmethod 439 0x0000000002d04010 code [0x0000000002d04240, 0x0000000002d04e68]
Event: 0.461 Thread 0x000000001b06c000  442       3       net.openhft.lang.collection.ATSDirectBitSet::<init> (51 bytes)
Event: 0.462 Thread 0x000000001b06c000 nmethod 442 0x0000000002cfdb10 code [0x0000000002cfdc80, 0x0000000002cfdf48]
Event: 0.462 Thread 0x000000001b06c000  443       1       net.openhft.lang.io.MappedStore::address (5 bytes)
Event: 0.462 Thread 0x000000001b06c000 nmethod 443 0x0000000002cfd850 code [0x0000000002cfd9a0, 0x0000000002cfdab0]
Event: 0.464 Thread 0x000000001b068800  444       4       net.openhft.lang.MemoryUnit::y (138 bytes)
Event: 0.465 Thread 0x000000001b068800 nmethod 444 0x0000000002cfd510 code [0x0000000002cfd640, 0x0000000002cfd718]
Event: 0.471 Thread 0x000000001b06b800  445       4       net.openhft.lang.io.AbstractBytes::<init> (45 bytes)

GC Heap History (0 events):
No events

Deoptimization events (0 events):
No events

Internal exceptions (10 events):
Event: 0.429 Thread 0x0000000002398000 Exception <a 'java/security/PrivilegedActionException'> (0x0000000782730988) thrown at [D:\re\workspace\8-2-build-windows-amd64-cygwin\jdk8u25\1677\hotspot\src\share\vm\prims\jvm.cpp, line 1312]
Event: 0.431 Thread 0x0000000002398000 Exception <a 'java/security/PrivilegedActionException'> (0x000000078273e240) thrown at [D:\re\workspace\8-2-build-windows-amd64-cygwin\jdk8u25\1677\hotspot\src\share\vm\prims\jvm.cpp, line 1312]
Event: 0.437 Thread 0x0000000002398000 Exception <a 'java/security/PrivilegedActionException'> (0x0000000782745f40) thrown at [D:\re\workspace\8-2-build-windows-amd64-cygwin\jdk8u25\1677\hotspot\src\share\vm\prims\jvm.cpp, line 1312]
Event: 0.439 Thread 0x0000000002398000 Exception <a 'java/security/PrivilegedActionException'> (0x000000078274c7b8) thrown at [D:\re\workspace\8-2-build-windows-amd64-cygwin\jdk8u25\1677\hotspot\src\share\vm\prims\jvm.cpp, line 1312]
Event: 0.439 Thread 0x0000000002398000 Exception <a 'java/security/PrivilegedActionException'> (0x0000000782752df8) thrown at [D:\re\workspace\8-2-build-windows-amd64-cygwin\jdk8u25\1677\hotspot\src\share\vm\prims\jvm.cpp, line 1312]
Event: 0.440 Thread 0x0000000002398000 Exception <a 'java/security/PrivilegedActionException'> (0x0000000782759680) thrown at [D:\re\workspace\8-2-build-windows-amd64-cygwin\jdk8u25\1677\hotspot\src\share\vm\prims\jvm.cpp, line 1312]
Event: 0.440 Thread 0x0000000002398000 Exception <a 'java/security/PrivilegedActionException'> (0x000000078275de78) thrown at [D:\re\workspace\8-2-build-windows-amd64-cygwin\jdk8u25\1677\hotspot\src\share\vm\prims\jvm.cpp, line 1312]
Event: 0.441 Thread 0x0000000002398000 Exception <a 'java/security/PrivilegedActionException'> (0x0000000782763b00) thrown at [D:\re\workspace\8-2-build-windows-amd64-cygwin\jdk8u25\1677\hotspot\src\share\vm\prims\jvm.cpp, line 1312]
Event: 0.442 Thread 0x0000000002398000 Exception <a 'java/security/PrivilegedActionException'> (0x0000000782777578) thrown at [D:\re\workspace\8-2-build-windows-amd64-cygwin\jdk8u25\1677\hotspot\src\share\vm\prims\jvm.cpp, line 1312]
Event: 0.443 Thread 0x0000000002398000 Exception <a 'java/security/PrivilegedActionException'> (0x000000078277bff0) thrown at [D:\re\workspace\8-2-build-windows-amd64-cygwin\jdk8u25\1677\hotspot\src\share\vm\prims\jvm.cpp, line 1312]

Events (10 events):
Event: 0.443 Thread 0x0000000002398000 DEOPT PACKING pc=0x0000000002ca78e9 sp=0x000000000280d230
Event: 0.443 Thread 0x0000000002398000 DEOPT UNPACKING pc=0x0000000002b275bf sp=0x000000000280cfa0 mode 1
Event: 0.443 Thread 0x0000000002398000 DEOPT PACKING pc=0x0000000002ca6814 sp=0x000000000280d2d0
Event: 0.443 Thread 0x0000000002398000 DEOPT UNPACKING pc=0x0000000002b275bf sp=0x000000000280d000 mode 1
Event: 0.443 Thread 0x0000000002398000 DEOPT PACKING pc=0x0000000002c874f4 sp=0x000000000280deb0
Event: 0.443 Thread 0x0000000002398000 DEOPT UNPACKING pc=0x0000000002b275bf sp=0x000000000280dbf8 mode 1
Event: 0.443 Thread 0x0000000002398000 DEOPT PACKING pc=0x0000000002c4f3c4 sp=0x000000000280df20
Event: 0.443 Thread 0x0000000002398000 DEOPT UNPACKING pc=0x0000000002b275bf sp=0x000000000280dd40 mode 1
Event: 0.443 Thread 0x0000000002398000 DEOPT PACKING pc=0x0000000002c4f15c sp=0x000000000280e0b0
Event: 0.443 Thread 0x0000000002398000 DEOPT UNPACKING pc=0x0000000002b275bf sp=0x000000000280ded0 mode 1


Dynamic libraries:
0x000000013f2d0000 - 0x000000013f304000 	C:\Java\jdk1.8.0_25\bin\java.exe
0x0000000077820000 - 0x00000000779c9000 	C:\windows\SYSTEM32\ntdll.dll
0x0000000077600000 - 0x000000007771f000 	C:\windows\system32\kernel32.dll
0x000007fefd840000 - 0x000007fefd8ac000 	C:\windows\system32\KERNELBASE.dll
0x000007fefe340000 - 0x000007fefe41b000 	C:\windows\system32\ADVAPI32.dll
0x000007fefe510000 - 0x000007fefe5af000 	C:\windows\system32\msvcrt.dll
0x000007fefe270000 - 0x000007fefe28f000 	C:\windows\SYSTEM32\sechost.dll
0x000007fefe5b0000 - 0x000007fefe6dd000 	C:\windows\system32\RPCRT4.dll
0x0000000077720000 - 0x000000007781a000 	C:\windows\system32\USER32.dll
0x000007feffa00000 - 0x000007feffa67000 	C:\windows\system32\GDI32.dll
0x000007fefe290000 - 0x000007fefe29e000 	C:\windows\system32\LPK.dll
0x000007feff830000 - 0x000007feff8f9000 	C:\windows\system32\USP10.dll
0x000007fefbc30000 - 0x000007fefbe24000 	C:\windows\WinSxS\amd64_microsoft.windows.common-controls_6595b64144ccf1df_6.0.7601.17514_none_fa396087175ac9ac\COMCTL32.dll
0x000007feffaa0000 - 0x000007feffb11000 	C:\windows\system32\SHLWAPI.dll
0x000007feffa70000 - 0x000007feffa9e000 	C:\windows\system32\IMM32.DLL
0x000007feff6a0000 - 0x000007feff7a9000 	C:\windows\system32\MSCTF.dll
0x00000000753d0000 - 0x0000000075408000 	C:\PROGRA~2\Sophos\SOPHOS~1\SOPHOS~2.DLL
0x00000000779f0000 - 0x00000000779f7000 	C:\windows\system32\PSAPI.DLL
0x000000005d4f0000 - 0x000000005d5c2000 	C:\Java\jdk1.8.0_25\jre\bin\msvcr100.dll
0x000000006ff60000 - 0x00000000707ba000 	C:\Java\jdk1.8.0_25\jre\bin\server\jvm.dll
0x000007fef7d00000 - 0x000007fef7d09000 	C:\windows\system32\WSOCK32.dll
0x000007fefe420000 - 0x000007fefe46d000 	C:\windows\system32\WS2_32.dll
0x000007feffb20000 - 0x000007feffb28000 	C:\windows\system32\NSI.dll
0x000007fefb040000 - 0x000007fefb07b000 	C:\windows\system32\WINMM.dll
0x000000006fb90000 - 0x000000006fb9f000 	C:\Java\jdk1.8.0_25\jre\bin\verify.dll
0x0000000065010000 - 0x0000000065038000 	C:\Java\jdk1.8.0_25\jre\bin\java.dll
0x0000000064160000 - 0x0000000064195000 	C:\Java\jdk1.8.0_25\jre\bin\jdwp.dll
0x000000006f9d0000 - 0x000000006f9d8000 	C:\Java\jdk1.8.0_25\jre\bin\npt.dll
0x0000000065050000 - 0x0000000065066000 	C:\Java\jdk1.8.0_25\jre\bin\zip.dll
0x000007fefe6e0000 - 0x000007feff468000 	C:\windows\system32\SHELL32.dll
0x000007fefdc10000 - 0x000007fefde13000 	C:\windows\system32\ole32.dll
0x000007fefd670000 - 0x000007fefd67f000 	C:\windows\system32\profapi.dll
0x000000006fa50000 - 0x000000006fa59000 	C:\Java\jdk1.8.0_25\jre\bin\dt_socket.dll
0x000007fefc800000 - 0x000007fefc82d000 	C:\ProgramData\Sophos\Web Intelligence\swi_ifslsp_64.dll
0x000007fefc7f0000 - 0x000007fefc7fc000 	C:\windows\system32\VERSION.dll
0x000007fefce50000 - 0x000007fefcea5000 	C:\windows\system32\mswsock.dll
0x000007fefc7d0000 - 0x000007fefc7d7000 	C:\windows\System32\wshtcpip.dll
0x0000000064e50000 - 0x0000000064e6a000 	C:\Java\jdk1.8.0_25\jre\bin\net.dll
0x000007fefce40000 - 0x000007fefce47000 	C:\windows\System32\wship6.dll
0x0000000064e10000 - 0x0000000064e21000 	C:\Java\jdk1.8.0_25\jre\bin\nio.dll
0x000007fef3920000 - 0x000007fef3a45000 	C:\windows\system32\dbghelp.dll

VM Arguments:
jvm_args: -agentlib:jdwp=transport=dt_socket,address=127.0.0.1:57396,suspend=y,server=n -Dfile.encoding=UTF-8 
java_command: my.SimpleTest
java_class_path (initial): C:\Java\jdk1.8.0_25\jre\lib\charsets.jar;C:\Java\jdk1.8.0_25\jre\lib\deploy.jar;C:\Java\jdk1.8.0_25\jre\lib\javaws.jar;C:\Java\jdk1.8.0_25\jre\lib\jce.jar;C:\Java\jdk1.8.0_25\jre\lib\jfr.jar;C:\Java\jdk1.8.0_25\jre\lib\jfxswt.jar;C:\Java\jdk1.8.0_25\jre\lib\jsse.jar;C:\Java\jdk1.8.0_25\jre\lib\management-agent.jar;C:\Java\jdk1.8.0_25\jre\lib\plugin.jar;C:\Java\jdk1.8.0_25\jre\lib\resources.jar;C:\Java\jdk1.8.0_25\jre\lib\rt.jar;C:\Java\jdk1.8.0_25\jre\lib\ext\access-bridge-64.jar;C:\Java\jdk1.8.0_25\jre\lib\ext\cldrdata.jar;C:\Java\jdk1.8.0_25\jre\lib\ext\dnsns.jar;C:\Java\jdk1.8.0_25\jre\lib\ext\jaccess.jar;C:\Java\jdk1.8.0_25\jre\lib\ext\jfxrt.jar;C:\Java\jdk1.8.0_25\jre\lib\ext\localedata.jar;C:\Java\jdk1.8.0_25\jre\lib\ext\nashorn.jar;C:\Java\jdk1.8.0_25\jre\lib\ext\sunec.jar;C:\Java\jdk1.8.0_25\jre\lib\ext\sunjce_provider.jar;C:\Java\jdk1.8.0_25\jre\lib\ext\sunmscapi.jar;C:\Java\jdk1.8.0_25\jre\lib\ext\sunpkcs11.jar;C:\Java\jdk1.8.0_25\jre\lib\ext\zipfs.jar;C:\Projects\HftTests\target\test-classes;C:\Projects\HftTests\target\classes;C:\Users\kkulagin\.m2\repository\net\openhft\chronicle-map\2.0.10b\chronicle-map-2.0.10b.jar;C:\Users\kkulagin\.m2\repository\net\openhft\compiler\2.2.0\compiler-2.2.0.jar;C:\Java\jdk1.8.0_20\lib\tools.jar;C:\Users\kkulagin\.m2\repository\org\kohsuke\jetbrains\annotations\9.0\annotations-9.0.jar;C:\Users\kkulagin\.m2\repository\net\openhft\lang\6.4.13\lang-6.4.13.jar;C:\Users\kkulagin\.m2\repository\org\ow2\asm\asm\5.0.3\asm-5.0.3.jar;C:\Users\kkulagin\.m2\repository\org\slf4j\slf4j-api\1.7.6\slf4j-api-1.7.6.jar;C:\Users\kkulagin\.m2\repository\com\intellij\annotations\12.0\annotations-12.0.jar;C:\Users\kkulagin\.m2\repository\ch\qos\logback\logback-classic\1.1.2\logback-classic-1.1.2.jar;C:\Users\kkulagin\.m2\repository\ch\qos\logback\logback-core\1.1.2\logback-core-1.1.2.jar;C:\Users\kkulagin\.m2\repository\com\esotericsoftware\kryo\kryo\2.24.0\kryo-2.24.0.jar;C:\Users\kkulagin\.m2\repository\com\esote
Launcher Type: SUN_STANDARD

Environment Variables:
JAVA_HOME=c:\Java\jdk1.7.0_67
PATH=C:\ProgramData\Oracle\Java\javapath;C:\Tools\Python27\;C:\Program Files (x86)\Intel\iCLS Client\;C:\Program Files\Intel\iCLS Client\;C:\windows\system32;C:\windows;C:\windows\System32\Wbem;C:\windows\System32\WindowsPowerShell\v1.0\;C:\Program Files\Intel\Intel(R) Management Engine Components\DAL;C:\Program Files\Intel\Intel(R) Management Engine Components\IPT;C:\Program Files (x86)\Intel\Intel(R) Management Engine Components\DAL;C:\Program Files (x86)\Intel\Intel(R) Management Engine Components\IPT;C:\Program Files\Lenovo\Fingerprint Manager Pro\;C:\Program Files (x86)\Common Files\lenovo\easyplussdk\bin;C:\Program Files (x86)\Lenovo\Access Connections\;C:\Program Files (x86)\Lenovo\Password Manager\;C:\Tools\Python27\Scripts;C:\Program Files (x86)\Git\cmd;C:\Program Files\Intel\WiFi\bin\;C:\Program Files\Common Files\Intel\WirelessCommon\;C:\Tools\jruby-1.7.15\bin;c:\Tools\apache-maven-3.2.3\bin;c:\Tools\apache-ant-1.9.4\bin;c:\Java\jdk1.7.0_67\bin;;C:\Program Files\Boot2Docker for Windows;c:\Tools\spring-1.2.0.BUILD-SNAPSHOT\bin;C:\Program Files\Intel\WiFi\bin\;C:\Program Files\Common Files\Intel\WirelessCommon\;c:\Tools\apache-maven-3.2.3\bin;
USERNAME=kkulagin
OS=Windows_NT
PROCESSOR_IDENTIFIER=Intel64 Family 6 Model 69 Stepping 1, GenuineIntel



---------------  S Y S T E M  ---------------

OS: Windows 7 , 64 bit Build 7601 Service Pack 1

CPU:total 4 (2 cores per cpu, 2 threads per core) family 6 model 69 stepping 1, cmov, cx8, fxsr, mmx, sse, sse2, sse3, ssse3, sse4.1, sse4.2, popcnt, avx, avx2, aes, clmul, erms, lzcnt, ht, tsc, tscinvbit, bmi1, bmi2

Memory: 4k page, physical 12263072k(5380816k free), swap 24524280k(15292860k free)

vm_info: Java HotSpot(TM) 64-Bit Server VM (25.25-b02) for windows-amd64 JRE (1.8.0_25-b18), built on Oct  7 2014 14:25:37 by "java_re" with MS VC++ 10.0 (VS2010)

time: Fri Nov 14 20:46:26 2014
elapsed time: 0 seconds (0d 0h 0m 0s)

